2025-12-19 22:07:12,766 - INFO - Cohere client initialized successfully
2025-12-19 22:07:13,381 - INFO - Qdrant client initialized successfully
INFO:     Started server process [10324]
INFO:     Waiting for application startup.
INFO:     ASGI 'lifespan' protocol appears unsupported.
INFO:     Application startup complete.
INFO:     Uvicorn running on http://127.0.0.1:8080 (Press CTRL+C to quit)
ERROR:    Exception in ASGI application
Traceback (most recent call last):
  File "C:\Users\lenovo\AppData\Roaming\Python\Python312\site-packages\uvicorn\protocols\http\httptools_impl.py", line 409, in run_asgi
    result = await app(  # type: ignore[func-returns-value]
             ^^^^^^^^^^^^^^^^^^^^^^^^^^^^^^^^^^^^^^^^^^^^^^
  File "C:\Users\lenovo\AppData\Roaming\Python\Python312\site-packages\uvicorn\middleware\proxy_headers.py", line 60, in __call__
    return await self.app(scope, receive, send)
           ^^^^^^^^^^^^^^^^^^^^^^^^^^^^^^^^^^^^
  File "C:\Users\lenovo\AppData\Roaming\Python\Python312\site-packages\fastapi\applications.py", line 1106, in __call__
    await super().__call__(scope, receive, send)
  File "C:\Users\lenovo\AppData\Roaming\Python\Python312\site-packages\starlette\applications.py", line 106, in __call__
    self.middleware_stack = self.build_middleware_stack()
                            ^^^^^^^^^^^^^^^^^^^^^^^^^^^^^
  File "C:\Users\lenovo\AppData\Roaming\Python\Python312\site-packages\fastapi\applications.py", line 1014, in build_middleware_stack
    for cls, options in reversed(middleware):
        ^^^^^^^^^^^^
ValueError: too many values to unpack (expected 2)
Starting server on port 8080...
INFO:     127.0.0.1:51488 - "GET /health HTTP/1.1" 500 Internal Server Error
ERROR:    Exception in ASGI application
Traceback (most recent call last):
  File "C:\Users\lenovo\AppData\Roaming\Python\Python312\site-packages\uvicorn\protocols\http\httptools_impl.py", line 409, in run_asgi
    result = await app(  # type: ignore[func-returns-value]
             ^^^^^^^^^^^^^^^^^^^^^^^^^^^^^^^^^^^^^^^^^^^^^^
  File "C:\Users\lenovo\AppData\Roaming\Python\Python312\site-packages\uvicorn\middleware\proxy_headers.py", line 60, in __call__
    return await self.app(scope, receive, send)
           ^^^^^^^^^^^^^^^^^^^^^^^^^^^^^^^^^^^^
  File "C:\Users\lenovo\AppData\Roaming\Python\Python312\site-packages\fastapi\applications.py", line 1106, in __call__
    await super().__call__(scope, receive, send)
  File "C:\Users\lenovo\AppData\Roaming\Python\Python312\site-packages\starlette\applications.py", line 106, in __call__
    self.middleware_stack = self.build_middleware_stack()
                            ^^^^^^^^^^^^^^^^^^^^^^^^^^^^^
  File "C:\Users\lenovo\AppData\Roaming\Python\Python312\site-packages\fastapi\applications.py", line 1014, in build_middleware_stack
    for cls, options in reversed(middleware):
        ^^^^^^^^^^^^
ValueError: too many values to unpack (expected 2)
INFO:     127.0.0.1:51513 - "GET /health HTTP/1.1" 500 Internal Server Error
